<?xml version="1.0" encoding="UTF-8"?>
<robot generator="Robot 6.0.1 (Python 3.11.1 on win32)" generated="20221227 21:30:15.856" rpa="false" schemaversion="3">
<suite id="s1" name="CRUD ServRest" source="C:\Users\pesso\OneDrive\Área de Trabalho\RESTAPI Robot\TestCases\CRUD_ServRest.robot">
<kw name="Create Session API" library="ResourceAPI" type="SETUP">
<kw name="Create Session" library="RequestsLibrary">
<arg>base_url</arg>
<arg>${BASE_URL}</arg>
<arg>disable_warnings=True</arg>
<arg>verify=false</arg>
<doc>Create Session: create a HTTP session to a server</doc>
<msg timestamp="20221227 21:30:16.083" level="INFO">Creating Session using : alias=base_url, url=https://serverest.dev/#/, headers={},                     cookies={}, auth=None, timeout=None, proxies=None, verify=False,                     debug=0 </msg>
<status status="PASS" starttime="20221227 21:30:16.083" endtime="20221227 21:30:16.083"/>
</kw>
<status status="PASS" starttime="20221227 21:30:16.083" endtime="20221227 21:30:16.083"/>
</kw>
<test id="s1-t1" name="TC: Returns all the users (GET)" line="7">
<kw name="Create Session API" library="ResourceAPI">
<kw name="Create Session" library="RequestsLibrary">
<arg>base_url</arg>
<arg>${BASE_URL}</arg>
<arg>disable_warnings=True</arg>
<arg>verify=false</arg>
<doc>Create Session: create a HTTP session to a server</doc>
<msg timestamp="20221227 21:30:16.083" level="INFO">Creating Session using : alias=base_url, url=https://serverest.dev/#/, headers={},                     cookies={}, auth=None, timeout=None, proxies=None, verify=False,                     debug=0 </msg>
<status status="PASS" starttime="20221227 21:30:16.083" endtime="20221227 21:30:16.083"/>
</kw>
<status status="PASS" starttime="20221227 21:30:16.083" endtime="20221227 21:30:16.083"/>
</kw>
<kw name="GET On Session Request" library="ResourceAPI">
<kw name="GET On Session" library="RequestsLibrary">
<var>${RESPONSE}</var>
<arg>base_url</arg>
<arg>${ENDPOINT}</arg>
<doc>Sends a GET request on a previously created HTTP Session.</doc>
<msg timestamp="20221227 21:30:16.717" level="INFO">GET Request : url=https://serverest.dev/usuarios 
 path_url=/usuarios 
 headers={'User-Agent': 'python-requests/2.28.1', 'Accept-Encoding': 'gzip, deflate', 'Accept': '*/*', 'Connection': 'keep-alive'} 
 body=None 
 </msg>
<msg timestamp="20221227 21:30:16.717" level="INFO">GET Response : url=https://serverest.dev/usuarios 
 status=200, reason=OK 
 headers={'access-control-allow-origin': '*', 'x-dns-prefetch-control': 'off', 'x-frame-options': 'SAMEORIGIN', 'strict-transport-security': 'max-age=15552000; includeSubDomains', 'x-download-options': 'noopen', 'x-content-type-options': 'nosniff', 'x-xss-protection': '1; mode=block', 'x-moesif-transaction-id': 'b208016a-ddca-409b-9093-da1b37941e4b', 'content-type': 'application/json; charset=utf-8', 'X-Cloud-Trace-Context': '5150410f2b51a96a53fe64887aa5ff56;o=1', 'Date': 'Wed, 28 Dec 2022 00:30:16 GMT', 'Server': 'Google Frontend', 'Content-Length': '253'} 
 body={
    "quantidade": 1,
    "usuarios": [
        {
            "nome": "Fulano da Silva",
            "email": "fulano@qa.com",
            "password": "teste",
            "administrador": "true",
            "_id": "0uxuPY0cbmQhpEz1"
        }
    ]
} 
 </msg>
<msg timestamp="20221227 21:30:16.717" level="INFO">${RESPONSE} = &lt;Response [200]&gt;</msg>
<status status="PASS" starttime="20221227 21:30:16.083" endtime="20221227 21:30:16.717"/>
</kw>
<kw name="Log To Console" library="BuiltIn">
<arg>${RESPONSE.status_code}</arg>
<doc>Logs the given message to the console.</doc>
<status status="PASS" starttime="20221227 21:30:16.717" endtime="20221227 21:30:16.717"/>
</kw>
<kw name="Log To Console" library="BuiltIn">
<arg>${RESPONSE.content}</arg>
<doc>Logs the given message to the console.</doc>
<status status="PASS" starttime="20221227 21:30:16.732" endtime="20221227 21:30:16.733"/>
</kw>
<kw name="Log To Console" library="BuiltIn">
<arg>${RESPONSE.headers}</arg>
<doc>Logs the given message to the console.</doc>
<status status="PASS" starttime="20221227 21:30:16.733" endtime="20221227 21:30:16.733"/>
</kw>
<kw name="Set Test Variable" library="BuiltIn">
<arg>${RESPONSE}</arg>
<doc>Makes a variable available everywhere within the scope of the current test.</doc>
<msg timestamp="20221227 21:30:16.733" level="INFO">${RESPONSE} = &lt;Response [200]&gt;</msg>
<status status="PASS" starttime="20221227 21:30:16.733" endtime="20221227 21:30:16.733"/>
</kw>
<status status="PASS" starttime="20221227 21:30:16.083" endtime="20221227 21:30:16.733"/>
</kw>
<kw name="Validate Status Code" library="ResourceAPI">
<arg>200</arg>
<kw name="Should Be Equal As Strings" library="BuiltIn">
<arg>${RESPONSE.status_code}</arg>
<arg>${STATUS_CODE_EXPECTED}</arg>
<doc>Fails if objects are unequal after converting them to strings.</doc>
<msg timestamp="20221227 21:30:16.733" level="INFO">Argument types are:
&lt;class 'int'&gt;
&lt;class 'str'&gt;</msg>
<status status="PASS" starttime="20221227 21:30:16.733" endtime="20221227 21:30:16.733"/>
</kw>
<status status="PASS" starttime="20221227 21:30:16.733" endtime="20221227 21:30:16.733"/>
</kw>
<doc>Retorna todos os usuarios</doc>
<tag>GET</tag>
<status status="PASS" starttime="20221227 21:30:16.083" endtime="20221227 21:30:16.733"/>
</test>
<test id="s1-t2" name="TC: Add a new user (POST)" line="14">
<kw name="Create Session API" library="ResourceAPI">
<kw name="Create Session" library="RequestsLibrary">
<arg>base_url</arg>
<arg>${BASE_URL}</arg>
<arg>disable_warnings=True</arg>
<arg>verify=false</arg>
<doc>Create Session: create a HTTP session to a server</doc>
<msg timestamp="20221227 21:30:16.733" level="INFO">Creating Session using : alias=base_url, url=https://serverest.dev/#/, headers={},                     cookies={}, auth=None, timeout=None, proxies=None, verify=False,                     debug=0 </msg>
<status status="PASS" starttime="20221227 21:30:16.733" endtime="20221227 21:30:16.733"/>
</kw>
<status status="PASS" starttime="20221227 21:30:16.733" endtime="20221227 21:30:16.733"/>
</kw>
<kw name="POST On Session Request" library="ResourceAPI">
<kw name="Create Dictionary" library="BuiltIn">
<var>${BODY}</var>
<arg>nome=Gasolina PHILLRR</arg>
<arg>email=gasolina@qa.com.br</arg>
<arg>password=teste</arg>
<arg>administrador=true</arg>
<doc>Creates and returns a dictionary based on the given ``items``.</doc>
<msg timestamp="20221227 21:30:16.733" level="INFO">${BODY} = {'nome': 'Gasolina PHILLRR', 'email': 'gasolina@qa.com.br', 'password': 'teste', 'administrador': 'true'}</msg>
<status status="PASS" starttime="20221227 21:30:16.733" endtime="20221227 21:30:16.733"/>
</kw>
<kw name="Create Dictionary" library="BuiltIn">
<var>${HEADERS}</var>
<arg>Content-Type=application/json</arg>
<doc>Creates and returns a dictionary based on the given ``items``.</doc>
<msg timestamp="20221227 21:30:16.733" level="INFO">${HEADERS} = {'Content-Type': 'application/json'}</msg>
<status status="PASS" starttime="20221227 21:30:16.733" endtime="20221227 21:30:16.733"/>
</kw>
<kw name="POST On Session" library="RequestsLibrary">
<var>${RESPONSE}</var>
<arg>base_url</arg>
<arg>${ENDPOINT}</arg>
<arg>json=${BODY}</arg>
<arg>headers=${HEADERS}</arg>
<doc>Sends a POST request on a previously created HTTP Session.</doc>
<msg timestamp="20221227 21:30:17.444" level="INFO">POST Request : url=https://serverest.dev/usuarios 
 path_url=/usuarios 
 headers={'User-Agent': 'python-requests/2.28.1', 'Accept-Encoding': 'gzip, deflate', 'Accept': '*/*', 'Connection': 'keep-alive', 'Content-Type': 'application/json', 'Content-Length': '105'} 
 body=b'{"nome": "Gasolina PHILLRR", "email": "gasolina@qa.com.br", "password": "teste", "administrador": "true"}' 
 </msg>
<msg timestamp="20221227 21:30:17.444" level="INFO">POST Response : url=https://serverest.dev/usuarios 
 status=201, reason=Created 
 headers={'access-control-allow-origin': '*', 'x-dns-prefetch-control': 'off', 'x-frame-options': 'SAMEORIGIN', 'strict-transport-security': 'max-age=15552000; includeSubDomains', 'x-download-options': 'noopen', 'x-content-type-options': 'nosniff', 'x-xss-protection': '1; mode=block', 'x-moesif-transaction-id': 'ab983cb7-a81e-413f-a0b5-b62d8311e2d0', 'content-type': 'application/json; charset=utf-8', 'X-Cloud-Trace-Context': '15e6658adbdd8365eb240cf7dd00da12', 'Date': 'Wed, 28 Dec 2022 00:30:17 GMT', 'Server': 'Google Frontend', 'Content-Length': '82'} 
 body={
    "message": "Cadastro realizado com sucesso",
    "_id": "SkeMzn8WPAGSAW2V"
} 
 </msg>
<msg timestamp="20221227 21:30:17.444" level="INFO">${RESPONSE} = &lt;Response [201]&gt;</msg>
<status status="PASS" starttime="20221227 21:30:16.733" endtime="20221227 21:30:17.444"/>
</kw>
<kw name="Log To Console" library="BuiltIn">
<arg>${RESPONSE.status_code}</arg>
<doc>Logs the given message to the console.</doc>
<status status="PASS" starttime="20221227 21:30:17.444" endtime="20221227 21:30:17.444"/>
</kw>
<kw name="Log To Console" library="BuiltIn">
<arg>${RESPONSE.content}</arg>
<doc>Logs the given message to the console.</doc>
<status status="PASS" starttime="20221227 21:30:17.444" endtime="20221227 21:30:17.444"/>
</kw>
<kw name="Log To Console" library="BuiltIn">
<arg>${RESPONSE.headers}</arg>
<doc>Logs the given message to the console.</doc>
<status status="PASS" starttime="20221227 21:30:17.444" endtime="20221227 21:30:17.444"/>
</kw>
<kw name="Set Test Variable" library="BuiltIn">
<arg>${RESPONSE}</arg>
<doc>Makes a variable available everywhere within the scope of the current test.</doc>
<msg timestamp="20221227 21:30:17.444" level="INFO">${RESPONSE} = &lt;Response [201]&gt;</msg>
<status status="PASS" starttime="20221227 21:30:17.444" endtime="20221227 21:30:17.444"/>
</kw>
<status status="PASS" starttime="20221227 21:30:16.733" endtime="20221227 21:30:17.455"/>
</kw>
<kw name="Validate Status Code" library="ResourceAPI">
<arg>201</arg>
<kw name="Should Be Equal As Strings" library="BuiltIn">
<arg>${RESPONSE.status_code}</arg>
<arg>${STATUS_CODE_EXPECTED}</arg>
<doc>Fails if objects are unequal after converting them to strings.</doc>
<msg timestamp="20221227 21:30:17.455" level="INFO">Argument types are:
&lt;class 'int'&gt;
&lt;class 'str'&gt;</msg>
<status status="PASS" starttime="20221227 21:30:17.455" endtime="20221227 21:30:17.455"/>
</kw>
<status status="PASS" starttime="20221227 21:30:17.455" endtime="20221227 21:30:17.455"/>
</kw>
<kw name="Validate Content" library="ResourceAPI">
<arg>Cadastro realizado com sucesso</arg>
<kw name="Convert To String" library="BuiltIn">
<var>${BODY}</var>
<arg>${RESPONSE.content}</arg>
<doc>Converts the given item to a Unicode string.</doc>
<msg timestamp="20221227 21:30:17.461" level="INFO">${BODY} = {
    "message": "Cadastro realizado com sucesso",
    "_id": "SkeMzn8WPAGSAW2V"
}</msg>
<status status="PASS" starttime="20221227 21:30:17.455" endtime="20221227 21:30:17.461"/>
</kw>
<kw name="Should Contain" library="BuiltIn">
<arg>${BODY}</arg>
<arg>${CONTENT_EXPECTED}</arg>
<doc>Fails if ``container`` does not contain ``item`` one or more times.</doc>
<status status="PASS" starttime="20221227 21:30:17.461" endtime="20221227 21:30:17.461"/>
</kw>
<status status="PASS" starttime="20221227 21:30:17.455" endtime="20221227 21:30:17.461"/>
</kw>
<doc>Adiciona um novo usuario</doc>
<tag>POST</tag>
<status status="PASS" starttime="20221227 21:30:16.733" endtime="20221227 21:30:17.461"/>
</test>
<test id="s1-t3" name="TC: Edit user (PUT)" line="22">
<kw name="Create Session API" library="ResourceAPI">
<kw name="Create Session" library="RequestsLibrary">
<arg>base_url</arg>
<arg>${BASE_URL}</arg>
<arg>disable_warnings=True</arg>
<arg>verify=false</arg>
<doc>Create Session: create a HTTP session to a server</doc>
<msg timestamp="20221227 21:30:17.461" level="INFO">Creating Session using : alias=base_url, url=https://serverest.dev/#/, headers={},                     cookies={}, auth=None, timeout=None, proxies=None, verify=False,                     debug=0 </msg>
<status status="PASS" starttime="20221227 21:30:17.461" endtime="20221227 21:30:17.461"/>
</kw>
<status status="PASS" starttime="20221227 21:30:17.461" endtime="20221227 21:30:17.461"/>
</kw>
<kw name="PUT On Session Request" library="ResourceAPI">
<kw name="Create Dictionary" library="BuiltIn">
<var>${BODY}</var>
<arg>nome=AAlterado</arg>
<arg>email=fulano@qa.com</arg>
<arg>password=teste</arg>
<arg>administrador=true</arg>
<doc>Creates and returns a dictionary based on the given ``items``.</doc>
<msg timestamp="20221227 21:30:17.461" level="INFO">${BODY} = {'nome': 'AAlterado', 'email': 'fulano@qa.com', 'password': 'teste', 'administrador': 'true'}</msg>
<status status="PASS" starttime="20221227 21:30:17.461" endtime="20221227 21:30:17.461"/>
</kw>
<kw name="Create Dictionary" library="BuiltIn">
<var>${HEADERS}</var>
<arg>Content-Type=application/json</arg>
<doc>Creates and returns a dictionary based on the given ``items``.</doc>
<msg timestamp="20221227 21:30:17.461" level="INFO">${HEADERS} = {'Content-Type': 'application/json'}</msg>
<status status="PASS" starttime="20221227 21:30:17.461" endtime="20221227 21:30:17.461"/>
</kw>
<kw name="PUT On Session" library="RequestsLibrary">
<var>${RESPONSE}</var>
<arg>base_url</arg>
<arg>${ENDPOINT}/${_id}</arg>
<arg>json=${BODY}</arg>
<arg>headers=${HEADERS}</arg>
<doc>Sends a PUT request on a previously created HTTP Session.</doc>
<msg timestamp="20221227 21:30:17.971" level="INFO">PUT Request : url=https://serverest.dev/usuarios/0uxuPY0cbmQhpEz1 
 path_url=/usuarios/0uxuPY0cbmQhpEz1 
 headers={'User-Agent': 'python-requests/2.28.1', 'Accept-Encoding': 'gzip, deflate', 'Accept': '*/*', 'Connection': 'keep-alive', 'Content-Type': 'application/json', 'Content-Length': '93'} 
 body=b'{"nome": "AAlterado", "email": "fulano@qa.com", "password": "teste", "administrador": "true"}' 
 </msg>
<msg timestamp="20221227 21:30:17.971" level="INFO">PUT Response : url=https://serverest.dev/usuarios/0uxuPY0cbmQhpEz1 
 status=200, reason=OK 
 headers={'access-control-allow-origin': '*', 'x-dns-prefetch-control': 'off', 'x-frame-options': 'SAMEORIGIN', 'strict-transport-security': 'max-age=15552000; includeSubDomains', 'x-download-options': 'noopen', 'x-content-type-options': 'nosniff', 'x-xss-protection': '1; mode=block', 'x-moesif-transaction-id': '5395c101-aa51-464b-9925-6b46539bc9ee', 'content-type': 'application/json; charset=utf-8', 'X-Cloud-Trace-Context': '4a075e266968c1e541462fb787eb08e5', 'Date': 'Wed, 28 Dec 2022 00:30:18 GMT', 'Server': 'Google Frontend', 'Content-Length': '50'} 
 body={
    "message": "Registro alterado com sucesso"
} 
 </msg>
<msg timestamp="20221227 21:30:17.971" level="INFO">${RESPONSE} = &lt;Response [200]&gt;</msg>
<status status="PASS" starttime="20221227 21:30:17.461" endtime="20221227 21:30:17.971"/>
</kw>
<kw name="Log To Console" library="BuiltIn">
<arg>${RESPONSE.status_code}</arg>
<doc>Logs the given message to the console.</doc>
<status status="PASS" starttime="20221227 21:30:17.971" endtime="20221227 21:30:17.971"/>
</kw>
<kw name="Log To Console" library="BuiltIn">
<arg>${RESPONSE.content}</arg>
<doc>Logs the given message to the console.</doc>
<status status="PASS" starttime="20221227 21:30:17.971" endtime="20221227 21:30:17.971"/>
</kw>
<kw name="Log To Console" library="BuiltIn">
<arg>${RESPONSE.headers}</arg>
<doc>Logs the given message to the console.</doc>
<status status="PASS" starttime="20221227 21:30:17.971" endtime="20221227 21:30:17.971"/>
</kw>
<kw name="Set Test Variable" library="BuiltIn">
<arg>${RESPONSE}</arg>
<doc>Makes a variable available everywhere within the scope of the current test.</doc>
<msg timestamp="20221227 21:30:17.971" level="INFO">${RESPONSE} = &lt;Response [200]&gt;</msg>
<status status="PASS" starttime="20221227 21:30:17.971" endtime="20221227 21:30:17.971"/>
</kw>
<status status="PASS" starttime="20221227 21:30:17.461" endtime="20221227 21:30:17.971"/>
</kw>
<kw name="Validate Status Code" library="ResourceAPI">
<arg>200</arg>
<kw name="Should Be Equal As Strings" library="BuiltIn">
<arg>${RESPONSE.status_code}</arg>
<arg>${STATUS_CODE_EXPECTED}</arg>
<doc>Fails if objects are unequal after converting them to strings.</doc>
<msg timestamp="20221227 21:30:17.971" level="INFO">Argument types are:
&lt;class 'int'&gt;
&lt;class 'str'&gt;</msg>
<status status="PASS" starttime="20221227 21:30:17.971" endtime="20221227 21:30:17.971"/>
</kw>
<status status="PASS" starttime="20221227 21:30:17.971" endtime="20221227 21:30:17.971"/>
</kw>
<kw name="Validate Content" library="ResourceAPI">
<arg>Registro alterado com sucesso</arg>
<kw name="Convert To String" library="BuiltIn">
<var>${BODY}</var>
<arg>${RESPONSE.content}</arg>
<doc>Converts the given item to a Unicode string.</doc>
<msg timestamp="20221227 21:30:17.987" level="INFO">${BODY} = {
    "message": "Registro alterado com sucesso"
}</msg>
<status status="PASS" starttime="20221227 21:30:17.971" endtime="20221227 21:30:17.987"/>
</kw>
<kw name="Should Contain" library="BuiltIn">
<arg>${BODY}</arg>
<arg>${CONTENT_EXPECTED}</arg>
<doc>Fails if ``container`` does not contain ``item`` one or more times.</doc>
<status status="PASS" starttime="20221227 21:30:17.987" endtime="20221227 21:30:17.987"/>
</kw>
<status status="PASS" starttime="20221227 21:30:17.971" endtime="20221227 21:30:17.987"/>
</kw>
<doc>Altera os dados do usuario</doc>
<tag>PUT</tag>
<status status="PASS" starttime="20221227 21:30:17.461" endtime="20221227 21:30:17.988"/>
</test>
<test id="s1-t4" name="TC: Delete user(DELETE)" line="30">
<kw name="Create Session API" library="ResourceAPI">
<kw name="Create Session" library="RequestsLibrary">
<arg>base_url</arg>
<arg>${BASE_URL}</arg>
<arg>disable_warnings=True</arg>
<arg>verify=false</arg>
<doc>Create Session: create a HTTP session to a server</doc>
<msg timestamp="20221227 21:30:17.988" level="INFO">Creating Session using : alias=base_url, url=https://serverest.dev/#/, headers={},                     cookies={}, auth=None, timeout=None, proxies=None, verify=False,                     debug=0 </msg>
<status status="PASS" starttime="20221227 21:30:17.988" endtime="20221227 21:30:17.988"/>
</kw>
<status status="PASS" starttime="20221227 21:30:17.988" endtime="20221227 21:30:17.988"/>
</kw>
<kw name="DELETE On Session Request" library="ResourceAPI">
<kw name="DELETE On Session" library="RequestsLibrary">
<var>${RESPONSE}</var>
<arg>base_url</arg>
<arg>${ENDPOINT}/${_id}</arg>
<doc>Sends a DELETE request on a previously created HTTP Session.</doc>
<msg timestamp="20221227 21:30:18.563" level="INFO">DELETE Request : url=https://serverest.dev/usuarios/0uxuPY0cbmQhpEz1 
 path_url=/usuarios/0uxuPY0cbmQhpEz1 
 headers={'User-Agent': 'python-requests/2.28.1', 'Accept-Encoding': 'gzip, deflate', 'Accept': '*/*', 'Connection': 'keep-alive', 'Content-Length': '0'} 
 body=None 
 </msg>
<msg timestamp="20221227 21:30:18.563" level="INFO">DELETE Response : url=https://serverest.dev/usuarios/0uxuPY0cbmQhpEz1 
 status=200, reason=OK 
 headers={'access-control-allow-origin': '*', 'x-dns-prefetch-control': 'off', 'x-frame-options': 'SAMEORIGIN', 'strict-transport-security': 'max-age=15552000; includeSubDomains', 'x-download-options': 'noopen', 'x-content-type-options': 'nosniff', 'x-xss-protection': '1; mode=block', 'x-moesif-transaction-id': '6903ea6c-6ecc-4f94-8ec6-22c58fc888a5', 'content-type': 'application/json; charset=utf-8', 'X-Cloud-Trace-Context': '6b62c1702320cc0803075c2ebcccb9ef', 'Date': 'Wed, 28 Dec 2022 00:30:18 GMT', 'Server': 'Google Frontend', 'Content-Length': '51'} 
 body={
    "message": "Registro excluído com sucesso"
} 
 </msg>
<msg timestamp="20221227 21:30:18.563" level="INFO">${RESPONSE} = &lt;Response [200]&gt;</msg>
<status status="PASS" starttime="20221227 21:30:17.988" endtime="20221227 21:30:18.563"/>
</kw>
<kw name="Log To Console" library="BuiltIn">
<arg>${RESPONSE.content}</arg>
<doc>Logs the given message to the console.</doc>
<status status="PASS" starttime="20221227 21:30:18.563" endtime="20221227 21:30:18.563"/>
</kw>
<kw name="Set Test Variable" library="BuiltIn">
<arg>${RESPONSE}</arg>
<doc>Makes a variable available everywhere within the scope of the current test.</doc>
<msg timestamp="20221227 21:30:18.563" level="INFO">${RESPONSE} = &lt;Response [200]&gt;</msg>
<status status="PASS" starttime="20221227 21:30:18.563" endtime="20221227 21:30:18.563"/>
</kw>
<status status="PASS" starttime="20221227 21:30:17.988" endtime="20221227 21:30:18.563"/>
</kw>
<kw name="Validate Status Code" library="ResourceAPI">
<arg>200</arg>
<kw name="Should Be Equal As Strings" library="BuiltIn">
<arg>${RESPONSE.status_code}</arg>
<arg>${STATUS_CODE_EXPECTED}</arg>
<doc>Fails if objects are unequal after converting them to strings.</doc>
<msg timestamp="20221227 21:30:18.579" level="INFO">Argument types are:
&lt;class 'int'&gt;
&lt;class 'str'&gt;</msg>
<status status="PASS" starttime="20221227 21:30:18.577" endtime="20221227 21:30:18.579"/>
</kw>
<status status="PASS" starttime="20221227 21:30:18.577" endtime="20221227 21:30:18.579"/>
</kw>
<doc>Retorna todos os usuarios</doc>
<tag>DELETE</tag>
<status status="PASS" starttime="20221227 21:30:17.988" endtime="20221227 21:30:18.579"/>
</test>
<status status="PASS" starttime="20221227 21:30:15.859" endtime="20221227 21:30:18.579"/>
</suite>
<statistics>
<total>
<stat pass="4" fail="0" skip="0">All Tests</stat>
</total>
<tag>
<stat pass="1" fail="0" skip="0">DELETE</stat>
<stat pass="1" fail="0" skip="0">GET</stat>
<stat pass="1" fail="0" skip="0">POST</stat>
<stat pass="1" fail="0" skip="0">PUT</stat>
</tag>
<suite>
<stat pass="4" fail="0" skip="0" id="s1" name="CRUD ServRest">CRUD ServRest</stat>
</suite>
</statistics>
<errors>
</errors>
</robot>
